[ 2024-08-07 10:26:06,154 ] root - INFO - Entered the start_data_ingestion method of TrainPipeline class
[ 2024-08-07 10:26:06,154 ] root - INFO - Getting the data from mongodb
[ 2024-08-07 10:26:06,155 ] root - INFO - Entered initiate_data_ingestion method of Data_Ingestion class
[ 2024-08-07 10:26:06,155 ] root - INFO - Exporting data from mongodb
[ 2024-08-07 10:26:06,284 ] pymongo.connection - DEBUG - {"clientId": {"$oid": "66b33dae25679c44b9c84621"}, "message": "Connection pool created", "serverHost": "ac-4mngevm-shard-00-00.fxafpoo.mongodb.net", "serverPort": 27017}
[ 2024-08-07 10:26:06,284 ] pymongo.connection - DEBUG - {"clientId": {"$oid": "66b33dae25679c44b9c84621"}, "message": "Connection pool created", "serverHost": "ac-4mngevm-shard-00-01.fxafpoo.mongodb.net", "serverPort": 27017}
[ 2024-08-07 10:26:06,285 ] pymongo.connection - DEBUG - {"clientId": {"$oid": "66b33dae25679c44b9c84621"}, "message": "Connection pool created", "serverHost": "ac-4mngevm-shard-00-02.fxafpoo.mongodb.net", "serverPort": 27017}
[ 2024-08-07 10:26:06,285 ] root - INFO - MongoDB connection succesfull
[ 2024-08-07 10:26:06,285 ] pymongo.serverSelection - DEBUG - {"message": "Server selection started", "selector": "Primary()", "operation": "find", "topologyDescription": "<TopologyDescription id: 66b33dae25679c44b9c84621, topology_type: ReplicaSetNoPrimary, servers: [<ServerDescription ('ac-4mngevm-shard-00-00.fxafpoo.mongodb.net', 27017) server_type: Unknown, rtt: None>, <ServerDescription ('ac-4mngevm-shard-00-01.fxafpoo.mongodb.net', 27017) server_type: Unknown, rtt: None>, <ServerDescription ('ac-4mngevm-shard-00-02.fxafpoo.mongodb.net', 27017) server_type: Unknown, rtt: None>]>", "clientId": {"$oid": "66b33dae25679c44b9c84621"}}
[ 2024-08-07 10:26:06,285 ] pymongo.serverSelection - DEBUG - {"message": "Waiting for suitable server to become available", "selector": "Primary()", "operation": "find", "topologyDescription": "<TopologyDescription id: 66b33dae25679c44b9c84621, topology_type: ReplicaSetNoPrimary, servers: [<ServerDescription ('ac-4mngevm-shard-00-00.fxafpoo.mongodb.net', 27017) server_type: Unknown, rtt: None>, <ServerDescription ('ac-4mngevm-shard-00-01.fxafpoo.mongodb.net', 27017) server_type: Unknown, rtt: None>, <ServerDescription ('ac-4mngevm-shard-00-02.fxafpoo.mongodb.net', 27017) server_type: Unknown, rtt: None>]>", "clientId": {"$oid": "66b33dae25679c44b9c84621"}, "remainingTimeMS": 29}
[ 2024-08-07 10:26:06,434 ] pymongo.connection - DEBUG - {"clientId": {"$oid": "66b33dae25679c44b9c84621"}, "message": "Connection pool ready", "serverHost": "ac-4mngevm-shard-00-01.fxafpoo.mongodb.net", "serverPort": 27017}
[ 2024-08-07 10:26:06,435 ] pymongo.connection - DEBUG - {"clientId": {"$oid": "66b33dae25679c44b9c84621"}, "message": "Connection pool ready", "serverHost": "ac-4mngevm-shard-00-00.fxafpoo.mongodb.net", "serverPort": 27017}
[ 2024-08-07 10:26:06,436 ] pymongo.serverSelection - DEBUG - {"message": "Server selection succeeded", "selector": "Primary()", "operation": "find", "topologyDescription": "<TopologyDescription id: 66b33dae25679c44b9c84621, topology_type: ReplicaSetWithPrimary, servers: [<ServerDescription ('ac-4mngevm-shard-00-00.fxafpoo.mongodb.net', 27017) server_type: RSSecondary, rtt: 0.023291584000000087>, <ServerDescription ('ac-4mngevm-shard-00-01.fxafpoo.mongodb.net', 27017) server_type: RSPrimary, rtt: 0.023039374999999973>, <ServerDescription ('ac-4mngevm-shard-00-02.fxafpoo.mongodb.net', 27017) server_type: Unknown, rtt: None>]>", "clientId": {"$oid": "66b33dae25679c44b9c84621"}, "serverHost": "ac-4mngevm-shard-00-01.fxafpoo.mongodb.net", "serverPort": 27017}
[ 2024-08-07 10:26:06,436 ] pymongo.connection - DEBUG - {"clientId": {"$oid": "66b33dae25679c44b9c84621"}, "message": "Connection checkout started", "serverHost": "ac-4mngevm-shard-00-01.fxafpoo.mongodb.net", "serverPort": 27017}
[ 2024-08-07 10:26:06,436 ] pymongo.connection - DEBUG - {"clientId": {"$oid": "66b33dae25679c44b9c84621"}, "message": "Connection created", "serverHost": "ac-4mngevm-shard-00-01.fxafpoo.mongodb.net", "serverPort": 27017, "driverConnectionId": 1}
[ 2024-08-07 10:26:06,442 ] pymongo.connection - DEBUG - {"clientId": {"$oid": "66b33dae25679c44b9c84621"}, "message": "Connection pool ready", "serverHost": "ac-4mngevm-shard-00-02.fxafpoo.mongodb.net", "serverPort": 27017}
[ 2024-08-07 10:26:06,627 ] pymongo.connection - DEBUG - {"clientId": {"$oid": "66b33dae25679c44b9c84621"}, "message": "Connection ready", "serverHost": "ac-4mngevm-shard-00-01.fxafpoo.mongodb.net", "serverPort": 27017, "driverConnectionId": 1, "durationMS": 0.09246066699999989}
[ 2024-08-07 10:26:06,627 ] pymongo.connection - DEBUG - {"clientId": {"$oid": "66b33dae25679c44b9c84621"}, "message": "Connection checked out", "serverHost": "ac-4mngevm-shard-00-01.fxafpoo.mongodb.net", "serverPort": 27017, "driverConnectionId": 1, "durationMS": 0.19070295800000014}
[ 2024-08-07 10:26:06,627 ] pymongo.command - DEBUG - {"clientId": {"$oid": "66b33dae25679c44b9c84621"}, "message": "Command started", "command": "{\"find\": \"visa_data\", \"lsid\": {\"id\": {\"$binary\": {\"base64\": \"lPqSA93xTsKOJaMtzXNe7Q==\", \"subType\": \"04\"}}}, \"$clusterTime\": {\"clusterTime\": {\"$timestamp\": {\"t\": 1723022766, \"i\": 2}}, \"signature\": {\"hash\": {\"$binary\": {\"base64\": \"pKEHMF5glpOzH4ZyRobUOpewkb0=\", \"subType\": \"00\"}}, \"keyId\": 7366710872258904068}}, \"$db\": \"US_VISA\"}", "commandName": "find", "databaseName": "US_VISA", "requestId": 1784484492, "operationId": 1784484492, "driverConnectionId": 1, "serverConnectionId": 196893, "serverHost": "ac-4mngevm-shard-00-01.fxafpoo.mongodb.net", "serverPort": 27017}
[ 2024-08-07 10:26:06,676 ] pymongo.command - DEBUG - {"clientId": {"$oid": "66b33dae25679c44b9c84621"}, "message": "Command succeeded", "durationMS": 49.115, "reply": "{\"cursor\": {\"firstBatch\": [{\"_id\": {\"$oid\": \"66b1fc1ec61eb3463a3e774b\"}, \"case_id\": \"EZYV01\", \"continent\": \"Asia\", \"education_of_employee\": \"High School\", \"has_job_experience\": \"N\", \"requires_job_training\": \"N\", \"no_of_employees\": 14513, \"yr_of_estab\": 2007, \"region_of_employment\": \"West\", \"prevailing_wage\": 592.2029, \"unit_of_wage\": \"Hour\", \"full_time_position\": \"Y\", \"case_status\": \"Denied\"}, {\"_id\": {\"$oid\": \"66b1fc1ec61eb3463a3e774c\"}, \"case_id\": \"EZYV02\", \"continent\": \"Asia\", \"education_of_employee\": \"Master's\", \"has_job_experience\": \"Y\", \"requires_job_training\": \"N\", \"no_of_employees\": 2412, \"yr_of_estab\": 2002, \"region_of_employment\": \"Northeast\", \"prevailing_wage\": 83425.65, \"unit_of_wage\": \"Year\", \"full_time_position\": \"Y\", \"case_status\": \"Certified\"}, {\"_id\": {\"$oid\": \"66b1fc1ec61eb3463a3e774d\"}, \"case_id\": \"EZYV03\", \"continent\": \"Asia\", \"education_of_employee\": \"Bachelor's\", \"has_job_experience\": \"N\", \"requires_job_training\": \"Y\", \"no_of_employees\": 44444, \"yr_of_estab\": 2008...", "commandName": "find", "databaseName": "US_VISA", "requestId": 1784484492, "operationId": 1784484492, "driverConnectionId": 1, "serverConnectionId": 196893, "serverHost": "ac-4mngevm-shard-00-01.fxafpoo.mongodb.net", "serverPort": 27017}
[ 2024-08-07 10:26:06,681 ] pymongo.connection - DEBUG - {"clientId": {"$oid": "66b33dae25679c44b9c84621"}, "message": "Connection checked in", "serverHost": "ac-4mngevm-shard-00-01.fxafpoo.mongodb.net", "serverPort": 27017, "driverConnectionId": 1}
[ 2024-08-07 10:26:06,681 ] pymongo.serverSelection - DEBUG - {"message": "Server selection started", "selector": "<function any_server_selector at 0x7ff7214bb790>", "operation": "getMore", "topologyDescription": "<TopologyDescription id: 66b33dae25679c44b9c84621, topology_type: ReplicaSetWithPrimary, servers: [<ServerDescription ('ac-4mngevm-shard-00-00.fxafpoo.mongodb.net', 27017) server_type: RSSecondary, rtt: 0.023291584000000087>, <ServerDescription ('ac-4mngevm-shard-00-01.fxafpoo.mongodb.net', 27017) server_type: RSPrimary, rtt: 0.023039374999999973>, <ServerDescription ('ac-4mngevm-shard-00-02.fxafpoo.mongodb.net', 27017) server_type: RSSecondary, rtt: 0.028310999999999975>]>", "clientId": {"$oid": "66b33dae25679c44b9c84621"}}
[ 2024-08-07 10:26:06,682 ] pymongo.serverSelection - DEBUG - {"message": "Server selection succeeded", "selector": "<function any_server_selector at 0x7ff7214bb790>", "operation": "getMore", "topologyDescription": "<TopologyDescription id: 66b33dae25679c44b9c84621, topology_type: ReplicaSetWithPrimary, servers: [<ServerDescription ('ac-4mngevm-shard-00-00.fxafpoo.mongodb.net', 27017) server_type: RSSecondary, rtt: 0.023291584000000087>, <ServerDescription ('ac-4mngevm-shard-00-01.fxafpoo.mongodb.net', 27017) server_type: RSPrimary, rtt: 0.023039374999999973>, <ServerDescription ('ac-4mngevm-shard-00-02.fxafpoo.mongodb.net', 27017) server_type: RSSecondary, rtt: 0.028310999999999975>]>", "clientId": {"$oid": "66b33dae25679c44b9c84621"}, "serverHost": "ac-4mngevm-shard-00-01.fxafpoo.mongodb.net", "serverPort": 27017}
[ 2024-08-07 10:26:06,682 ] pymongo.connection - DEBUG - {"clientId": {"$oid": "66b33dae25679c44b9c84621"}, "message": "Connection checkout started", "serverHost": "ac-4mngevm-shard-00-01.fxafpoo.mongodb.net", "serverPort": 27017}
[ 2024-08-07 10:26:06,682 ] pymongo.connection - DEBUG - {"clientId": {"$oid": "66b33dae25679c44b9c84621"}, "message": "Connection checked out", "serverHost": "ac-4mngevm-shard-00-01.fxafpoo.mongodb.net", "serverPort": 27017, "driverConnectionId": 1, "durationMS": 0.00016983300000017465}
[ 2024-08-07 10:26:06,682 ] pymongo.command - DEBUG - {"clientId": {"$oid": "66b33dae25679c44b9c84621"}, "message": "Command started", "command": "{\"getMore\": 8650609715345906950, \"collection\": \"visa_data\", \"lsid\": {\"id\": {\"$binary\": {\"base64\": \"lPqSA93xTsKOJaMtzXNe7Q==\", \"subType\": \"04\"}}}, \"$clusterTime\": {\"clusterTime\": {\"$timestamp\": {\"t\": 1723022766, \"i\": 5}}, \"signature\": {\"hash\": {\"$binary\": {\"base64\": \"pKEHMF5glpOzH4ZyRobUOpewkb0=\", \"subType\": \"00\"}}, \"keyId\": 7366710872258904068}}, \"$db\": \"US_VISA\"}", "commandName": "getMore", "databaseName": "US_VISA", "requestId": 74243042, "operationId": 74243042, "driverConnectionId": 1, "serverConnectionId": 196893, "serverHost": "ac-4mngevm-shard-00-01.fxafpoo.mongodb.net", "serverPort": 27017}
[ 2024-08-07 10:26:07,378 ] pymongo.command - DEBUG - {"clientId": {"$oid": "66b33dae25679c44b9c84621"}, "message": "Command succeeded", "durationMS": 695.38, "reply": "{\"cursor\": {\"nextBatch\": [{\"_id\": {\"$oid\": \"66b1fc1ec61eb3463a3e77b0\"}, \"case_id\": \"EZYV102\", \"continent\": \"Asia\", \"education_of_employee\": \"Master's\", \"has_job_experience\": \"Y\", \"requires_job_training\": \"N\", \"no_of_employees\": 334, \"yr_of_estab\": 2007, \"region_of_employment\": \"Midwest\", \"prevailing_wage\": 43421.88, \"unit_of_wage\": \"Year\", \"full_time_position\": \"Y\", \"case_status\": \"Certified\"}, {\"_id\": {\"$oid\": \"66b1fc1ec61eb3463a3e77b1\"}, \"case_id\": \"EZYV103\", \"continent\": \"Asia\", \"education_of_employee\": \"Bachelor's\", \"has_job_experience\": \"Y\", \"requires_job_training\": \"N\", \"no_of_employees\": 224, \"yr_of_estab\": 2008, \"region_of_employment\": \"Midwest\", \"prevailing_wage\": 80253.78, \"unit_of_wage\": \"Year\", \"full_time_position\": \"Y\", \"case_status\": \"Certified\"}, {\"_id\": {\"$oid\": \"66b1fc1ec61eb3463a3e77b2\"}, \"case_id\": \"EZYV104\", \"continent\": \"Asia\", \"education_of_employee\": \"Doctorate\", \"has_job_experience\": \"Y\", \"requires_job_training\": \"N\", \"no_of_employees\": 367, \"yr_of_estab\": 1982,...", "commandName": "getMore", "databaseName": "US_VISA", "requestId": 74243042, "operationId": 74243042, "driverConnectionId": 1, "serverConnectionId": 196893, "serverHost": "ac-4mngevm-shard-00-01.fxafpoo.mongodb.net", "serverPort": 27017}
[ 2024-08-07 10:26:07,378 ] pymongo.connection - DEBUG - {"clientId": {"$oid": "66b33dae25679c44b9c84621"}, "message": "Connection checked in", "serverHost": "ac-4mngevm-shard-00-01.fxafpoo.mongodb.net", "serverPort": 27017, "driverConnectionId": 1}
[ 2024-08-07 10:26:07,477 ] root - INFO - Shape of dataframe: (25480, 12)
[ 2024-08-07 10:26:07,478 ] root - INFO - Saving exported data into feature store file path: artifact/08_07_2024_10_26_05/data_ingestion/feature_store/usvisa.csv
[ 2024-08-07 10:26:07,578 ] root - INFO - Got the data from mongodb
[ 2024-08-07 10:26:07,578 ] root - INFO - Entered split_data_as_train_test method of Data_Ingestion class
[ 2024-08-07 10:26:07,585 ] root - INFO - Performed train test split on the dataframe
[ 2024-08-07 10:26:07,585 ] root - INFO - Exited split_data_as_train_test method of Data_Ingestion class
[ 2024-08-07 10:26:07,585 ] root - INFO - Exporting train and test file path.
[ 2024-08-07 10:26:07,669 ] root - INFO - Exported train and test file path.
[ 2024-08-07 10:26:07,670 ] root - INFO - Performed train test split on the dataset
[ 2024-08-07 10:26:07,671 ] root - INFO - Exited initiate_data_ingestion method of Data_Ingestion class
[ 2024-08-07 10:26:07,671 ] root - INFO - Data ingestion artifact: DataIngestionArtifact(trained_file_path='artifact/08_07_2024_10_26_05/data_ingestion/ingested/train.csv', test_file_path='artifact/08_07_2024_10_26_05/data_ingestion/ingested/test.csv')
[ 2024-08-07 10:26:07,677 ] root - INFO - Got the train_set and test_set from mongodb
[ 2024-08-07 10:26:07,677 ] root - INFO - Exited the start_data_ingestion method of TrainPipeline class
[ 2024-08-07 10:26:07,677 ] root - INFO - Entered the start_data_validation method of TrainPipeline class
[ 2024-08-07 10:26:07,680 ] root - INFO - Starting data validation
[ 2024-08-07 10:26:07,711 ] root - INFO - Is required column present: [True]
[ 2024-08-07 10:26:07,711 ] root - INFO - All required columns present in training dataframe: True
[ 2024-08-07 10:26:07,711 ] root - INFO - Is required column present: [True]
[ 2024-08-07 10:26:07,711 ] root - INFO - All required columns present in testing dataframe: True
[ 2024-08-07 10:26:36,357 ] root - INFO - 1/12 drift detected.
[ 2024-08-07 10:26:36,360 ] root - INFO - Data validation artifact: DataValidationArtifact(validation_status=True, message='Drift not detected', drift_report_file_path='artifact/08_07_2024_10_26_05/data_validation/drift_report/report.yaml')
[ 2024-08-07 10:26:36,361 ] root - INFO - Performed the data validation operation
[ 2024-08-07 10:26:36,361 ] root - INFO - Exited the start_data_validation method of TrainPipeline class
